<?xml version="1.0" encoding="UTF-8"?>
<!-- Generated by org.testng.reporters.JUnitReportReporter -->
<testsuite skipped="0" hostname="DESKTOP-LONV73D" name="selenium_Concepts.Myntra_Classwork" tests="1" failures="0" timestamp="2022-12-28T11:43:57 IST" time="6.644" errors="0">
  <testcase name="browserLaunch" time="6.644" classname="selenium_Concepts.Myntra_Classwork"/>
  <system-out/>
</testsuite> <!-- selenium_Concepts.Myntra_Classwork -->
