<?xml version="1.0" encoding="UTF-8"?>
<!-- Generated by org.testng.reporters.JUnitReportReporter -->
<testsuite skipped="0" hostname="DESKTOP-LONV73D" name="selenium_Concepts.MyntraTask_Demo" tests="1" failures="0" timestamp="2022-12-28T13:04:13 IST" time="14.634" errors="0">
  <testcase name="lowestPriceofAllProducts" time="14.634" classname="selenium_Concepts.MyntraTask_Demo"/>
  <system-out/>
</testsuite> <!-- selenium_Concepts.MyntraTask_Demo -->
